[worker] started: backend-worker-v2
[worker] accepted_task_types=['backend.test', 'backend.fail_test', 'backend.write_file']
[worker] policy claim_timeout=15s heartbeat_timeout=10s max_runtime=20s task_heartbeat_min_interval=5s idle_heartbeat=4s sleep=2s
[worker] maintenance=True once_idle_exit=False
[worker] policy_source=/home/behzad/Schreibtisch/ai-dev-system/orchestrator_control_plane_v1/config/policies/orchestrator_policy.json version=phase_d1_v1
[route-guard:backend-worker-v2] dead-lettered task=task_b71812ffa791 type=unknown.ghost_task reason=unknown_task_type
[worker:backend-worker-v2] claimed task=task_d773327f7dd4 type=backend.test
[worker:backend-worker-v2] succeeded task=task_d773327f7dd4 status=succeeded
[worker:backend-worker-v2] claimed task=task_3bd14f3ff0f4 type=backend.test
[worker:backend-worker-v2] succeeded task=task_3bd14f3ff0f4 status=succeeded
[route-guard:backend-worker-v2] dead-lettered task=task_f2d808e09441 type=unknown.ghost_task reason=unknown_task_type
[worker:backend-worker-v2] claimed task=task_81212c6f3b35 type=backend.fail_test
[worker:backend-worker-v2] non-success task=task_81212c6f3b35 status=queued
[worker:backend-worker-v2] claimed task=task_81212c6f3b35 type=backend.fail_test
[worker:backend-worker-v2] non-success task=task_81212c6f3b35 status=dead_letter
[worker:backend-worker-v2] claimed task=task_2bf6e218a275 type=backend.fail_test
[worker:backend-worker-v2] non-success task=task_2bf6e218a275 status=queued
[worker:backend-worker-v2] claimed task=task_2bf6e218a275 type=backend.fail_test
[worker:backend-worker-v2] non-success task=task_2bf6e218a275 status=dead_letter
[worker:backend-worker-v2] claimed task=task_c4abf176fc56 type=backend.write_file
[worker:backend-worker-v2] succeeded task=task_c4abf176fc56 status=succeeded
[worker:backend-worker-v2] claimed task=task_4c598bb084c2 type=backend.write_file
[worker:backend-worker-v2] succeeded task=task_4c598bb084c2 status=succeeded
[worker:backend-worker-v2] no compatible queued task found
[worker:backend-worker-v2] no compatible queued task found
[worker:backend-worker-v2] no compatible queued task found
[worker:backend-worker-v2] no compatible queued task found
[worker:backend-worker-v2] no compatible queued task found
[worker:backend-worker-v2] no compatible queued task found
[worker:backend-worker-v2] no compatible queued task found
[worker:backend-worker-v2] no compatible queued task found
[worker:backend-worker-v2] no compatible queued task found
[worker:backend-worker-v2] no compatible queued task found
[worker:backend-worker-v2] no compatible queued task found
[worker:backend-worker-v2] no compatible queued task found
[worker:backend-worker-v2] no compatible queued task found
[worker:backend-worker-v2] no compatible queued task found
[worker:backend-worker-v2] no compatible queued task found
[worker:backend-worker-v2] no compatible queued task found
[worker:backend-worker-v2] no compatible queued task found
[worker:backend-worker-v2] no compatible queued task found
[worker:backend-worker-v2] no compatible queued task found
[worker:backend-worker-v2] no compatible queued task found
[worker:backend-worker-v2] no compatible queued task found
[worker:backend-worker-v2] no compatible queued task found
[worker:backend-worker-v2] no compatible queued task found
[worker:backend-worker-v2] no compatible queued task found
[worker:backend-worker-v2] no compatible queued task found
[worker:backend-worker-v2] no compatible queued task found
[worker:backend-worker-v2] no compatible queued task found
[worker:backend-worker-v2] no compatible queued task found
[worker:backend-worker-v2] no compatible queued task found
[worker:backend-worker-v2] no compatible queued task found
[worker:backend-worker-v2] no compatible queued task found
[worker:backend-worker-v2] no compatible queued task found
[worker:backend-worker-v2] no compatible queued task found
[worker:backend-worker-v2] no compatible queued task found
[worker:backend-worker-v2] no compatible queued task found
[worker:backend-worker-v2] no compatible queued task found
[worker:backend-worker-v2] no compatible queued task found
[worker:backend-worker-v2] no compatible queued task found
[worker:backend-worker-v2] no compatible queued task found
[worker:backend-worker-v2] no compatible queued task found
[worker:backend-worker-v2] no compatible queued task found
[worker:backend-worker-v2] no compatible queued task found
[worker:backend-worker-v2] no compatible queued task found
[worker:backend-worker-v2] no compatible queued task found
[worker:backend-worker-v2] no compatible queued task found
[worker:backend-worker-v2] no compatible queued task found
[worker:backend-worker-v2] no compatible queued task found
[worker:backend-worker-v2] no compatible queued task found
[worker:backend-worker-v2] no compatible queued task found
[worker:backend-worker-v2] no compatible queued task found
[worker:backend-worker-v2] no compatible queued task found
[worker:backend-worker-v2] no compatible queued task found
[worker:backend-worker-v2] no compatible queued task found
[worker:backend-worker-v2] no compatible queued task found
[worker:backend-worker-v2] no compatible queued task found
[worker:backend-worker-v2] no compatible queued task found
[worker:backend-worker-v2] no compatible queued task found
[worker:backend-worker-v2] no compatible queued task found
[worker:backend-worker-v2] no compatible queued task found
[worker:backend-worker-v2] no compatible queued task found
[worker:backend-worker-v2] no compatible queued task found
[worker:backend-worker-v2] no compatible queued task found
[worker:backend-worker-v2] no compatible queued task found
[worker:backend-worker-v2] no compatible queued task found
[worker:backend-worker-v2] no compatible queued task found
[worker:backend-worker-v2] no compatible queued task found
[worker:backend-worker-v2] no compatible queued task found
[worker:backend-worker-v2] no compatible queued task found
[worker:backend-worker-v2] no compatible queued task found
[worker:backend-worker-v2] no compatible queued task found
[worker:backend-worker-v2] no compatible queued task found
[worker:backend-worker-v2] no compatible queued task found
[worker:backend-worker-v2] no compatible queued task found
[worker:backend-worker-v2] no compatible queued task found
[worker:backend-worker-v2] no compatible queued task found
[worker:backend-worker-v2] no compatible queued task found
[worker:backend-worker-v2] no compatible queued task found
[worker:backend-worker-v2] no compatible queued task found
[worker:backend-worker-v2] no compatible queued task found
[worker:backend-worker-v2] no compatible queued task found
[worker:backend-worker-v2] no compatible queued task found
[worker:backend-worker-v2] no compatible queued task found
[worker:backend-worker-v2] no compatible queued task found
[worker:backend-worker-v2] no compatible queued task found
[worker:backend-worker-v2] no compatible queued task found
[worker:backend-worker-v2] no compatible queued task found
[worker:backend-worker-v2] no compatible queued task found
[worker:backend-worker-v2] no compatible queued task found
[worker:backend-worker-v2] no compatible queued task found
[worker:backend-worker-v2] no compatible queued task found
[worker:backend-worker-v2] no compatible queued task found
[worker:backend-worker-v2] no compatible queued task found
[worker:backend-worker-v2] no compatible queued task found
[worker:backend-worker-v2] no compatible queued task found
[worker:backend-worker-v2] no compatible queued task found
[worker:backend-worker-v2] no compatible queued task found
[worker:backend-worker-v2] no compatible queued task found
[worker:backend-worker-v2] no compatible queued task found
[worker:backend-worker-v2] no compatible queued task found
[worker:backend-worker-v2] no compatible queued task found
[worker:backend-worker-v2] no compatible queued task found
[worker:backend-worker-v2] no compatible queued task found
[worker:backend-worker-v2] no compatible queued task found
[worker:backend-worker-v2] no compatible queued task found
[worker:backend-worker-v2] no compatible queued task found
[worker:backend-worker-v2] no compatible queued task found
[worker:backend-worker-v2] no compatible queued task found
[worker:backend-worker-v2] no compatible queued task found
[worker:backend-worker-v2] no compatible queued task found
[worker:backend-worker-v2] no compatible queued task found
[worker:backend-worker-v2] no compatible queued task found
[worker:backend-worker-v2] no compatible queued task found
[worker:backend-worker-v2] no compatible queued task found
[worker:backend-worker-v2] no compatible queued task found
[worker:backend-worker-v2] no compatible queued task found
[worker:backend-worker-v2] no compatible queued task found
[worker:backend-worker-v2] no compatible queued task found
[worker:backend-worker-v2] no compatible queued task found
[worker:backend-worker-v2] no compatible queued task found
[worker:backend-worker-v2] no compatible queued task found
[worker:backend-worker-v2] no compatible queued task found
[worker:backend-worker-v2] no compatible queued task found
[worker:backend-worker-v2] no compatible queued task found
[worker:backend-worker-v2] no compatible queued task found
[worker:backend-worker-v2] no compatible queued task found
[worker:backend-worker-v2] no compatible queued task found
[worker:backend-worker-v2] no compatible queued task found
[worker:backend-worker-v2] no compatible queued task found
[worker:backend-worker-v2] no compatible queued task found
[worker:backend-worker-v2] no compatible queued task found
[worker:backend-worker-v2] no compatible queued task found
[worker:backend-worker-v2] no compatible queued task found
[worker:backend-worker-v2] no compatible queued task found
[worker:backend-worker-v2] no compatible queued task found
[worker:backend-worker-v2] no compatible queued task found
[worker:backend-worker-v2] no compatible queued task found
[worker:backend-worker-v2] no compatible queued task found
[worker:backend-worker-v2] no compatible queued task found
[worker:backend-worker-v2] no compatible queued task found
[worker:backend-worker-v2] no compatible queued task found
[worker:backend-worker-v2] no compatible queued task found
[worker:backend-worker-v2] no compatible queued task found
[worker:backend-worker-v2] no compatible queued task found
[worker:backend-worker-v2] no compatible queued task found
[worker:backend-worker-v2] no compatible queued task found
[worker:backend-worker-v2] no compatible queued task found
[worker:backend-worker-v2] no compatible queued task found
[worker:backend-worker-v2] no compatible queued task found
[worker:backend-worker-v2] no compatible queued task found
[worker:backend-worker-v2] no compatible queued task found
[worker:backend-worker-v2] no compatible queued task found
[worker:backend-worker-v2] no compatible queued task found
[worker:backend-worker-v2] no compatible queued task found
[worker:backend-worker-v2] no compatible queued task found
[worker:backend-worker-v2] no compatible queued task found
[worker:backend-worker-v2] no compatible queued task found
[worker:backend-worker-v2] no compatible queued task found
[worker:backend-worker-v2] no compatible queued task found
[worker:backend-worker-v2] no compatible queued task found
[worker:backend-worker-v2] no compatible queued task found
[worker:backend-worker-v2] no compatible queued task found
[worker:backend-worker-v2] no compatible queued task found
[worker:backend-worker-v2] no compatible queued task found
[worker:backend-worker-v2] no compatible queued task found
[worker:backend-worker-v2] no compatible queued task found
[worker:backend-worker-v2] no compatible queued task found
[worker:backend-worker-v2] no compatible queued task found
[worker:backend-worker-v2] no compatible queued task found
[worker:backend-worker-v2] no compatible queued task found
[worker:backend-worker-v2] no compatible queued task found
[worker:backend-worker-v2] no compatible queued task found
[worker:backend-worker-v2] no compatible queued task found
[worker:backend-worker-v2] no compatible queued task found
[worker:backend-worker-v2] no compatible queued task found
[worker:backend-worker-v2] no compatible queued task found
[worker:backend-worker-v2] no compatible queued task found
[worker:backend-worker-v2] no compatible queued task found
[worker:backend-worker-v2] no compatible queued task found
[worker:backend-worker-v2] no compatible queued task found
[worker:backend-worker-v2] no compatible queued task found
[worker:backend-worker-v2] no compatible queued task found
[worker:backend-worker-v2] no compatible queued task found
[worker:backend-worker-v2] no compatible queued task found
[worker:backend-worker-v2] no compatible queued task found
[worker:backend-worker-v2] no compatible queued task found
[worker:backend-worker-v2] no compatible queued task found
[worker:backend-worker-v2] no compatible queued task found
[worker:backend-worker-v2] no compatible queued task found
[worker:backend-worker-v2] no compatible queued task found
[worker:backend-worker-v2] no compatible queued task found
[worker:backend-worker-v2] no compatible queued task found
[worker:backend-worker-v2] no compatible queued task found
[worker:backend-worker-v2] no compatible queued task found
[worker:backend-worker-v2] no compatible queued task found
[worker:backend-worker-v2] no compatible queued task found
[worker:backend-worker-v2] no compatible queued task found
[worker:backend-worker-v2] no compatible queued task found
[worker:backend-worker-v2] no compatible queued task found
[worker:backend-worker-v2] no compatible queued task found
[worker:backend-worker-v2] no compatible queued task found
[worker:backend-worker-v2] no compatible queued task found
[worker:backend-worker-v2] no compatible queued task found
[worker:backend-worker-v2] no compatible queued task found
[worker:backend-worker-v2] no compatible queued task found
[worker:backend-worker-v2] no compatible queued task found
[worker:backend-worker-v2] no compatible queued task found
[worker:backend-worker-v2] no compatible queued task found
[worker:backend-worker-v2] no compatible queued task found
[worker:backend-worker-v2] no compatible queued task found
[worker:backend-worker-v2] no compatible queued task found
[worker:backend-worker-v2] no compatible queued task found
[worker:backend-worker-v2] no compatible queued task found
[worker:backend-worker-v2] no compatible queued task found
[worker:backend-worker-v2] no compatible queued task found
[worker:backend-worker-v2] no compatible queued task found
[worker:backend-worker-v2] no compatible queued task found
[worker:backend-worker-v2] no compatible queued task found
[worker:backend-worker-v2] no compatible queued task found
[worker:backend-worker-v2] no compatible queued task found
[worker:backend-worker-v2] no compatible queued task found
[worker:backend-worker-v2] no compatible queued task found
[worker:backend-worker-v2] no compatible queued task found
[worker:backend-worker-v2] no compatible queued task found
[worker:backend-worker-v2] no compatible queued task found
[worker:backend-worker-v2] no compatible queued task found
[worker:backend-worker-v2] no compatible queued task found
[worker:backend-worker-v2] no compatible queued task found
[worker:backend-worker-v2] no compatible queued task found
[worker:backend-worker-v2] no compatible queued task found
[worker:backend-worker-v2] no compatible queued task found
[worker:backend-worker-v2] no compatible queued task found
[worker:backend-worker-v2] no compatible queued task found
[worker:backend-worker-v2] no compatible queued task found
[worker:backend-worker-v2] no compatible queued task found
[worker:backend-worker-v2] no compatible queued task found
[worker:backend-worker-v2] no compatible queued task found
[worker:backend-worker-v2] no compatible queued task found
[worker:backend-worker-v2] no compatible queued task found
[worker:backend-worker-v2] no compatible queued task found
[worker:backend-worker-v2] no compatible queued task found
[worker:backend-worker-v2] no compatible queued task found
[worker:backend-worker-v2] no compatible queued task found
[worker:backend-worker-v2] no compatible queued task found
[worker:backend-worker-v2] no compatible queued task found
[worker:backend-worker-v2] no compatible queued task found
[worker:backend-worker-v2] no compatible queued task found
[worker:backend-worker-v2] no compatible queued task found
[worker:backend-worker-v2] no compatible queued task found
[worker:backend-worker-v2] no compatible queued task found
[worker:backend-worker-v2] claimed task=task_712efac22178 type=backend.test
[worker:backend-worker-v2] succeeded task=task_712efac22178 status=succeeded
[route-guard:backend-worker-v2] dead-lettered task=task_a969ce87a639 type=unknown.ghost_task reason=unknown_task_type
[worker:backend-worker-v2] claimed task=task_544a43e21412 type=backend.fail_test
[worker:backend-worker-v2] non-success task=task_544a43e21412 status=queued
[worker:backend-worker-v2] claimed task=task_544a43e21412 type=backend.fail_test
[worker:backend-worker-v2] non-success task=task_544a43e21412 status=dead_letter
[worker:backend-worker-v2] no compatible queued task found
[worker:backend-worker-v2] no compatible queued task found
[worker:backend-worker-v2] no compatible queued task found
[worker:backend-worker-v2] no compatible queued task found
[worker:backend-worker-v2] no compatible queued task found
[worker:backend-worker-v2] no compatible queued task found
[worker:backend-worker-v2] no compatible queued task found
[worker:backend-worker-v2] no compatible queued task found
[worker:backend-worker-v2] no compatible queued task found
[worker:backend-worker-v2] no compatible queued task found
[worker:backend-worker-v2] no compatible queued task found
[worker:backend-worker-v2] no compatible queued task found
[worker:backend-worker-v2] no compatible queued task found
[worker:backend-worker-v2] no compatible queued task found
[worker:backend-worker-v2] no compatible queued task found
[worker:backend-worker-v2] no compatible queued task found
[worker:backend-worker-v2] no compatible queued task found
[worker:backend-worker-v2] no compatible queued task found
[worker:backend-worker-v2] no compatible queued task found
[worker:backend-worker-v2] no compatible queued task found
[worker:backend-worker-v2] no compatible queued task found
[worker:backend-worker-v2] no compatible queued task found
[worker:backend-worker-v2] no compatible queued task found
[worker:backend-worker-v2] no compatible queued task found
[worker:backend-worker-v2] no compatible queued task found
[worker:backend-worker-v2] no compatible queued task found
[worker:backend-worker-v2] no compatible queued task found
[worker:backend-worker-v2] no compatible queued task found
[worker:backend-worker-v2] no compatible queued task found
[worker:backend-worker-v2] no compatible queued task found
[worker:backend-worker-v2] no compatible queued task found
[worker:backend-worker-v2] no compatible queued task found
[worker:backend-worker-v2] no compatible queued task found
[worker:backend-worker-v2] no compatible queued task found
[worker:backend-worker-v2] no compatible queued task found
[worker:backend-worker-v2] no compatible queued task found
[worker:backend-worker-v2] no compatible queued task found
[worker:backend-worker-v2] no compatible queued task found
[worker:backend-worker-v2] no compatible queued task found
[worker:backend-worker-v2] no compatible queued task found
[worker:backend-worker-v2] no compatible queued task found
[worker:backend-worker-v2] no compatible queued task found
[worker:backend-worker-v2] no compatible queued task found
[worker:backend-worker-v2] no compatible queued task found
[worker:backend-worker-v2] no compatible queued task found
[worker:backend-worker-v2] no compatible queued task found
[worker:backend-worker-v2] no compatible queued task found
[worker:backend-worker-v2] no compatible queued task found
[worker:backend-worker-v2] no compatible queued task found
[worker:backend-worker-v2] no compatible queued task found
[worker:backend-worker-v2] no compatible queued task found
[worker:backend-worker-v2] no compatible queued task found
[worker:backend-worker-v2] no compatible queued task found
[worker:backend-worker-v2] no compatible queued task found
[worker:backend-worker-v2] no compatible queued task found
[worker:backend-worker-v2] no compatible queued task found
[worker:backend-worker-v2] no compatible queued task found
[worker:backend-worker-v2] no compatible queued task found
[worker:backend-worker-v2] no compatible queued task found
[worker:backend-worker-v2] no compatible queued task found
[worker:backend-worker-v2] no compatible queued task found
[worker:backend-worker-v2] no compatible queued task found
[worker:backend-worker-v2] no compatible queued task found
[worker:backend-worker-v2] no compatible queued task found
[worker:backend-worker-v2] no compatible queued task found
[worker:backend-worker-v2] no compatible queued task found
[worker:backend-worker-v2] no compatible queued task found
[worker:backend-worker-v2] no compatible queued task found
[worker:backend-worker-v2] no compatible queued task found
[worker:backend-worker-v2] no compatible queued task found
[worker:backend-worker-v2] no compatible queued task found
[worker:backend-worker-v2] no compatible queued task found
[worker:backend-worker-v2] no compatible queued task found
[worker:backend-worker-v2] no compatible queued task found
[worker:backend-worker-v2] no compatible queued task found
[worker:backend-worker-v2] no compatible queued task found
[worker:backend-worker-v2] no compatible queued task found
[worker:backend-worker-v2] no compatible queued task found
[worker:backend-worker-v2] no compatible queued task found
[worker:backend-worker-v2] no compatible queued task found
[worker:backend-worker-v2] no compatible queued task found
[worker:backend-worker-v2] no compatible queued task found
[worker:backend-worker-v2] no compatible queued task found
[worker:backend-worker-v2] no compatible queued task found
[worker:backend-worker-v2] no compatible queued task found
[route-guard:backend-worker-v2] dead-lettered task=task_2ef753b690b0 type=unknown.ghost_task reason=unknown_task_type
[worker:backend-worker-v2] claimed task=task_5010b907ae15 type=backend.fail_test
[worker:backend-worker-v2] non-success task=task_5010b907ae15 status=queued
[worker:backend-worker-v2] claimed task=task_5010b907ae15 type=backend.fail_test
[worker:backend-worker-v2] non-success task=task_5010b907ae15 status=dead_letter
[worker:backend-worker-v2] no compatible queued task found
[worker:backend-worker-v2] no compatible queued task found
[worker:backend-worker-v2] no compatible queued task found
[worker:backend-worker-v2] no compatible queued task found
[worker:backend-worker-v2] no compatible queued task found
[worker:backend-worker-v2] no compatible queued task found
[worker:backend-worker-v2] no compatible queued task found
[worker:backend-worker-v2] no compatible queued task found
[worker:backend-worker-v2] no compatible queued task found
[worker:backend-worker-v2] no compatible queued task found
[worker:backend-worker-v2] no compatible queued task found
[worker:backend-worker-v2] no compatible queued task found
[worker:backend-worker-v2] no compatible queued task found
[worker:backend-worker-v2] no compatible queued task found
[worker:backend-worker-v2] no compatible queued task found
[worker:backend-worker-v2] no compatible queued task found
[worker:backend-worker-v2] no compatible queued task found
[worker:backend-worker-v2] no compatible queued task found
[worker:backend-worker-v2] no compatible queued task found
[worker:backend-worker-v2] no compatible queued task found
[worker:backend-worker-v2] no compatible queued task found
[worker:backend-worker-v2] no compatible queued task found
[worker:backend-worker-v2] no compatible queued task found
[worker:backend-worker-v2] no compatible queued task found
[worker:backend-worker-v2] no compatible queued task found
[worker:backend-worker-v2] no compatible queued task found
[worker:backend-worker-v2] no compatible queued task found
[worker:backend-worker-v2] no compatible queued task found
[worker:backend-worker-v2] no compatible queued task found
[worker:backend-worker-v2] no compatible queued task found
[worker] started: backend-worker-v2
[worker] accepted_task_types=['backend.test', 'backend.fail_test', 'backend.write_file']
[worker] policy claim_timeout=15s heartbeat_timeout=10s max_runtime=20s task_heartbeat_min_interval=5s idle_heartbeat=4s sleep=2s
[worker] maintenance=True once_idle_exit=False
[worker] policy_source=/home/behzad/Schreibtisch/ai-dev-system/orchestrator_control_plane_v1/config/policies/orchestrator_policy.json version=phase_d1_v1
[route-guard:backend-worker-v2] dead-lettered task=task_2ef753b690b0 type=unknown.ghost_task reason=unknown_task_type
[worker:backend-worker-v2] claimed task=task_cf2cc06fd301 type=backend.test
[worker:backend-worker-v2] succeeded task=task_cf2cc06fd301 status=succeeded
[worker:backend-worker-v2] claimed task=task_98f60d5c6eb1 type=backend.write_file
[worker:backend-worker-v2] succeeded task=task_98f60d5c6eb1 status=succeeded
[worker:backend-worker-v2] no compatible queued task found
[worker:backend-worker-v2] no compatible queued task found
[worker:backend-worker-v2] no compatible queued task found
[worker:backend-worker-v2] no compatible queued task found
[worker:backend-worker-v2] no compatible queued task found
[worker:backend-worker-v2] no compatible queued task found
[worker:backend-worker-v2] no compatible queued task found
[worker:backend-worker-v2] no compatible queued task found
[worker:backend-worker-v2] no compatible queued task found
[worker:backend-worker-v2] no compatible queued task found
[worker:backend-worker-v2] no compatible queued task found
[worker:backend-worker-v2] no compatible queued task found
[worker:backend-worker-v2] no compatible queued task found
[worker:backend-worker-v2] no compatible queued task found
[worker:backend-worker-v2] no compatible queued task found
[worker:backend-worker-v2] no compatible queued task found
[worker:backend-worker-v2] no compatible queued task found
[worker:backend-worker-v2] no compatible queued task found
[worker:backend-worker-v2] no compatible queued task found
[worker:backend-worker-v2] no compatible queued task found
[worker:backend-worker-v2] no compatible queued task found
[worker:backend-worker-v2] no compatible queued task found
[worker:backend-worker-v2] no compatible queued task found
[worker:backend-worker-v2] no compatible queued task found
[worker:backend-worker-v2] no compatible queued task found
[worker:backend-worker-v2] no compatible queued task found
[worker:backend-worker-v2] no compatible queued task found
[worker:backend-worker-v2] no compatible queued task found
[worker:backend-worker-v2] no compatible queued task found
[worker:backend-worker-v2] no compatible queued task found
[worker:backend-worker-v2] no compatible queued task found
[worker:backend-worker-v2] no compatible queued task found
[worker:backend-worker-v2] no compatible queued task found
[worker:backend-worker-v2] no compatible queued task found
[worker:backend-worker-v2] no compatible queued task found
[worker:backend-worker-v2] no compatible queued task found
[worker:backend-worker-v2] no compatible queued task found
[worker:backend-worker-v2] no compatible queued task found
[worker:backend-worker-v2] no compatible queued task found
[worker:backend-worker-v2] no compatible queued task found
[worker:backend-worker-v2] no compatible queued task found
[worker:backend-worker-v2] no compatible queued task found
[worker:backend-worker-v2] no compatible queued task found
[worker:backend-worker-v2] no compatible queued task found
[worker:backend-worker-v2] no compatible queued task found
[worker:backend-worker-v2] no compatible queued task found
[worker:backend-worker-v2] no compatible queued task found
[worker:backend-worker-v2] no compatible queued task found
[worker:backend-worker-v2] no compatible queued task found
[worker:backend-worker-v2] no compatible queued task found
[worker:backend-worker-v2] no compatible queued task found
[worker:backend-worker-v2] no compatible queued task found
[worker:backend-worker-v2] no compatible queued task found
[worker:backend-worker-v2] no compatible queued task found
[worker:backend-worker-v2] no compatible queued task found
[worker:backend-worker-v2] no compatible queued task found
[worker:backend-worker-v2] no compatible queued task found
[worker:backend-worker-v2] no compatible queued task found
[worker:backend-worker-v2] no compatible queued task found
[worker:backend-worker-v2] no compatible queued task found
[worker:backend-worker-v2] no compatible queued task found
[worker:backend-worker-v2] no compatible queued task found
[worker:backend-worker-v2] no compatible queued task found
[worker:backend-worker-v2] no compatible queued task found
[worker:backend-worker-v2] no compatible queued task found
[worker:backend-worker-v2] no compatible queued task found
[worker:backend-worker-v2] no compatible queued task found
[worker:backend-worker-v2] no compatible queued task found
[worker:backend-worker-v2] no compatible queued task found
[worker:backend-worker-v2] no compatible queued task found
[worker:backend-worker-v2] no compatible queued task found
[worker:backend-worker-v2] no compatible queued task found
[worker:backend-worker-v2] no compatible queued task found
[worker:backend-worker-v2] no compatible queued task found
[worker:backend-worker-v2] no compatible queued task found
[worker:backend-worker-v2] no compatible queued task found
[worker:backend-worker-v2] no compatible queued task found
[worker:backend-worker-v2] no compatible queued task found
[worker:backend-worker-v2] no compatible queued task found
[worker:backend-worker-v2] no compatible queued task found
[worker:backend-worker-v2] no compatible queued task found
[worker:backend-worker-v2] no compatible queued task found
[worker:backend-worker-v2] no compatible queued task found
[worker:backend-worker-v2] no compatible queued task found
[worker:backend-worker-v2] no compatible queued task found
[worker:backend-worker-v2] no compatible queued task found
[worker:backend-worker-v2] no compatible queued task found
[worker:backend-worker-v2] no compatible queued task found
[worker:backend-worker-v2] no compatible queued task found
[worker:backend-worker-v2] no compatible queued task found
[worker:backend-worker-v2] no compatible queued task found
[worker:backend-worker-v2] no compatible queued task found
[worker:backend-worker-v2] no compatible queued task found
[worker:backend-worker-v2] no compatible queued task found
[worker:backend-worker-v2] no compatible queued task found
[worker:backend-worker-v2] no compatible queued task found
[worker:backend-worker-v2] no compatible queued task found
[worker:backend-worker-v2] no compatible queued task found
[worker:backend-worker-v2] no compatible queued task found
[worker:backend-worker-v2] no compatible queued task found
[worker:backend-worker-v2] no compatible queued task found
[worker:backend-worker-v2] no compatible queued task found
[worker:backend-worker-v2] no compatible queued task found
[worker:backend-worker-v2] no compatible queued task found
[worker:backend-worker-v2] no compatible queued task found
[worker:backend-worker-v2] no compatible queued task found
[worker:backend-worker-v2] no compatible queued task found
[worker:backend-worker-v2] no compatible queued task found
[worker:backend-worker-v2] no compatible queued task found
[worker:backend-worker-v2] no compatible queued task found
[worker:backend-worker-v2] no compatible queued task found
[worker:backend-worker-v2] no compatible queued task found
[worker:backend-worker-v2] no compatible queued task found
[worker:backend-worker-v2] no compatible queued task found
[worker:backend-worker-v2] no compatible queued task found
[worker:backend-worker-v2] no compatible queued task found
[worker:backend-worker-v2] no compatible queued task found
[worker:backend-worker-v2] no compatible queued task found
[worker:backend-worker-v2] no compatible queued task found
[worker:backend-worker-v2] no compatible queued task found
[worker:backend-worker-v2] no compatible queued task found
[worker:backend-worker-v2] no compatible queued task found
[worker:backend-worker-v2] no compatible queued task found
[worker:backend-worker-v2] no compatible queued task found
[worker:backend-worker-v2] no compatible queued task found
[worker:backend-worker-v2] no compatible queued task found
[worker:backend-worker-v2] no compatible queued task found
[worker:backend-worker-v2] no compatible queued task found
[worker:backend-worker-v2] no compatible queued task found
[worker:backend-worker-v2] no compatible queued task found
[worker:backend-worker-v2] no compatible queued task found
[worker:backend-worker-v2] no compatible queued task found
[worker:backend-worker-v2] no compatible queued task found
[worker:backend-worker-v2] no compatible queued task found
[worker:backend-worker-v2] no compatible queued task found
[worker:backend-worker-v2] no compatible queued task found
[worker:backend-worker-v2] no compatible queued task found
[worker:backend-worker-v2] no compatible queued task found
[worker:backend-worker-v2] no compatible queued task found
[worker:backend-worker-v2] no compatible queued task found
[worker:backend-worker-v2] no compatible queued task found
[worker:backend-worker-v2] no compatible queued task found
[worker:backend-worker-v2] no compatible queued task found
[worker:backend-worker-v2] no compatible queued task found
[worker:backend-worker-v2] no compatible queued task found
[worker:backend-worker-v2] no compatible queued task found
[worker:backend-worker-v2] no compatible queued task found
[worker:backend-worker-v2] no compatible queued task found
[worker:backend-worker-v2] no compatible queued task found
[worker:backend-worker-v2] no compatible queued task found
[worker:backend-worker-v2] no compatible queued task found
[worker:backend-worker-v2] no compatible queued task found
[worker:backend-worker-v2] no compatible queued task found
[worker:backend-worker-v2] no compatible queued task found
[worker:backend-worker-v2] no compatible queued task found
[worker:backend-worker-v2] no compatible queued task found
[worker:backend-worker-v2] no compatible queued task found
[worker:backend-worker-v2] no compatible queued task found
[worker:backend-worker-v2] no compatible queued task found
[worker:backend-worker-v2] no compatible queued task found
[worker:backend-worker-v2] no compatible queued task found
[worker:backend-worker-v2] no compatible queued task found
[worker:backend-worker-v2] no compatible queued task found
[worker:backend-worker-v2] no compatible queued task found
[worker:backend-worker-v2] no compatible queued task found
[worker:backend-worker-v2] no compatible queued task found
[worker:backend-worker-v2] no compatible queued task found
[worker:backend-worker-v2] no compatible queued task found
[worker:backend-worker-v2] no compatible queued task found
[worker:backend-worker-v2] no compatible queued task found
[worker:backend-worker-v2] no compatible queued task found
[worker:backend-worker-v2] no compatible queued task found
[worker:backend-worker-v2] no compatible queued task found
[worker:backend-worker-v2] no compatible queued task found
[worker:backend-worker-v2] no compatible queued task found
[worker:backend-worker-v2] no compatible queued task found
[worker:backend-worker-v2] no compatible queued task found
[worker:backend-worker-v2] no compatible queued task found
[worker:backend-worker-v2] no compatible queued task found
[worker:backend-worker-v2] no compatible queued task found
[worker:backend-worker-v2] no compatible queued task found
[worker:backend-worker-v2] no compatible queued task found
[worker:backend-worker-v2] no compatible queued task found
[worker:backend-worker-v2] no compatible queued task found
[worker:backend-worker-v2] no compatible queued task found
[worker:backend-worker-v2] no compatible queued task found
[worker:backend-worker-v2] no compatible queued task found
[worker:backend-worker-v2] no compatible queued task found
[worker:backend-worker-v2] no compatible queued task found
[worker:backend-worker-v2] no compatible queued task found
[worker:backend-worker-v2] no compatible queued task found
[worker:backend-worker-v2] no compatible queued task found
[worker:backend-worker-v2] no compatible queued task found
[worker:backend-worker-v2] no compatible queued task found
[worker:backend-worker-v2] no compatible queued task found
[worker:backend-worker-v2] no compatible queued task found
[worker:backend-worker-v2] no compatible queued task found
[worker:backend-worker-v2] no compatible queued task found
[worker:backend-worker-v2] no compatible queued task found
[worker:backend-worker-v2] no compatible queued task found
[worker:backend-worker-v2] no compatible queued task found
[worker:backend-worker-v2] no compatible queued task found
[worker:backend-worker-v2] no compatible queued task found
[worker:backend-worker-v2] no compatible queued task found
[worker:backend-worker-v2] no compatible queued task found
[worker:backend-worker-v2] no compatible queued task found
[worker:backend-worker-v2] no compatible queued task found
[worker:backend-worker-v2] no compatible queued task found
[worker:backend-worker-v2] no compatible queued task found
[worker:backend-worker-v2] no compatible queued task found
[worker:backend-worker-v2] no compatible queued task found
[worker:backend-worker-v2] no compatible queued task found
[worker:backend-worker-v2] no compatible queued task found
[worker:backend-worker-v2] no compatible queued task found
[worker:backend-worker-v2] no compatible queued task found
[worker:backend-worker-v2] no compatible queued task found
[worker:backend-worker-v2] no compatible queued task found
[worker:backend-worker-v2] no compatible queued task found
[worker:backend-worker-v2] no compatible queued task found
[worker:backend-worker-v2] no compatible queued task found
[worker:backend-worker-v2] no compatible queued task found
[worker:backend-worker-v2] no compatible queued task found
[worker:backend-worker-v2] no compatible queued task found
[worker:backend-worker-v2] no compatible queued task found
[worker:backend-worker-v2] no compatible queued task found
[worker:backend-worker-v2] no compatible queued task found
[worker:backend-worker-v2] no compatible queued task found
[worker:backend-worker-v2] no compatible queued task found
[worker:backend-worker-v2] no compatible queued task found
[worker:backend-worker-v2] no compatible queued task found
[worker:backend-worker-v2] no compatible queued task found
[worker:backend-worker-v2] no compatible queued task found
[worker:backend-worker-v2] no compatible queued task found
[worker:backend-worker-v2] no compatible queued task found
[worker:backend-worker-v2] no compatible queued task found
[worker:backend-worker-v2] no compatible queued task found
[worker:backend-worker-v2] no compatible queued task found
[worker:backend-worker-v2] no compatible queued task found
[worker:backend-worker-v2] no compatible queued task found
[worker:backend-worker-v2] no compatible queued task found
[worker:backend-worker-v2] no compatible queued task found
[worker:backend-worker-v2] no compatible queued task found
[worker:backend-worker-v2] no compatible queued task found
[worker:backend-worker-v2] no compatible queued task found
[worker:backend-worker-v2] no compatible queued task found
[worker:backend-worker-v2] no compatible queued task found
[worker:backend-worker-v2] no compatible queued task found
[worker:backend-worker-v2] no compatible queued task found
[worker:backend-worker-v2] no compatible queued task found
[worker:backend-worker-v2] no compatible queued task found
[worker:backend-worker-v2] no compatible queued task found
[worker:backend-worker-v2] no compatible queued task found
[worker:backend-worker-v2] no compatible queued task found
[worker:backend-worker-v2] no compatible queued task found
[worker:backend-worker-v2] no compatible queued task found
[worker:backend-worker-v2] no compatible queued task found
[worker:backend-worker-v2] no compatible queued task found
[worker:backend-worker-v2] no compatible queued task found
[worker:backend-worker-v2] no compatible queued task found
[worker:backend-worker-v2] no compatible queued task found
[worker:backend-worker-v2] no compatible queued task found
[worker:backend-worker-v2] no compatible queued task found
[worker:backend-worker-v2] no compatible queued task found
[worker:backend-worker-v2] no compatible queued task found
[worker:backend-worker-v2] no compatible queued task found
[worker:backend-worker-v2] no compatible queued task found
[worker:backend-worker-v2] no compatible queued task found
[worker:backend-worker-v2] no compatible queued task found
[worker:backend-worker-v2] no compatible queued task found
[worker:backend-worker-v2] no compatible queued task found
[worker:backend-worker-v2] no compatible queued task found
[worker:backend-worker-v2] no compatible queued task found
[worker:backend-worker-v2] no compatible queued task found
[worker:backend-worker-v2] no compatible queued task found
[worker:backend-worker-v2] no compatible queued task found
[worker:backend-worker-v2] no compatible queued task found
[worker:backend-worker-v2] no compatible queued task found
[worker:backend-worker-v2] no compatible queued task found
[worker:backend-worker-v2] no compatible queued task found
[worker:backend-worker-v2] no compatible queued task found
[worker:backend-worker-v2] no compatible queued task found
[worker:backend-worker-v2] no compatible queued task found
[worker:backend-worker-v2] no compatible queued task found
[worker:backend-worker-v2] no compatible queued task found
[worker:backend-worker-v2] no compatible queued task found
[worker:backend-worker-v2] no compatible queued task found
[worker:backend-worker-v2] no compatible queued task found
[worker:backend-worker-v2] no compatible queued task found
[worker:backend-worker-v2] no compatible queued task found
[worker:backend-worker-v2] no compatible queued task found
[worker:backend-worker-v2] no compatible queued task found
[worker:backend-worker-v2] no compatible queued task found
[worker:backend-worker-v2] no compatible queued task found
[worker:backend-worker-v2] no compatible queued task found
[worker:backend-worker-v2] no compatible queued task found
[worker:backend-worker-v2] no compatible queued task found
[worker:backend-worker-v2] no compatible queued task found
[worker:backend-worker-v2] no compatible queued task found
[worker:backend-worker-v2] no compatible queued task found
[worker:backend-worker-v2] no compatible queued task found
[worker:backend-worker-v2] no compatible queued task found
[worker:backend-worker-v2] no compatible queued task found
[worker:backend-worker-v2] no compatible queued task found
[worker:backend-worker-v2] no compatible queued task found
[worker:backend-worker-v2] no compatible queued task found
[worker:backend-worker-v2] no compatible queued task found
[worker:backend-worker-v2] no compatible queued task found
[worker:backend-worker-v2] no compatible queued task found
[worker:backend-worker-v2] no compatible queued task found
[worker:backend-worker-v2] no compatible queued task found
[worker:backend-worker-v2] no compatible queued task found
[worker:backend-worker-v2] no compatible queued task found
[worker:backend-worker-v2] no compatible queued task found
[worker:backend-worker-v2] no compatible queued task found
[worker:backend-worker-v2] no compatible queued task found
[worker:backend-worker-v2] no compatible queued task found
[worker:backend-worker-v2] no compatible queued task found
[worker:backend-worker-v2] no compatible queued task found
[worker:backend-worker-v2] no compatible queued task found
[worker:backend-worker-v2] no compatible queued task found
[worker:backend-worker-v2] no compatible queued task found
[worker:backend-worker-v2] no compatible queued task found
[worker:backend-worker-v2] no compatible queued task found
[worker:backend-worker-v2] no compatible queued task found
[worker:backend-worker-v2] no compatible queued task found
[worker:backend-worker-v2] no compatible queued task found
[worker:backend-worker-v2] no compatible queued task found
[worker:backend-worker-v2] no compatible queued task found
[worker:backend-worker-v2] no compatible queued task found
[worker:backend-worker-v2] no compatible queued task found
[worker:backend-worker-v2] no compatible queued task found
[worker:backend-worker-v2] no compatible queued task found
[worker:backend-worker-v2] no compatible queued task found
[worker:backend-worker-v2] no compatible queued task found
[worker:backend-worker-v2] no compatible queued task found
[worker:backend-worker-v2] no compatible queued task found
[worker:backend-worker-v2] no compatible queued task found
[worker:backend-worker-v2] no compatible queued task found
[worker:backend-worker-v2] no compatible queued task found
[worker:backend-worker-v2] no compatible queued task found
[worker:backend-worker-v2] no compatible queued task found
[worker:backend-worker-v2] no compatible queued task found
[worker:backend-worker-v2] no compatible queued task found
[worker:backend-worker-v2] no compatible queued task found
[worker:backend-worker-v2] no compatible queued task found
[worker:backend-worker-v2] no compatible queued task found
[worker:backend-worker-v2] no compatible queued task found
[worker:backend-worker-v2] no compatible queued task found
[worker:backend-worker-v2] no compatible queued task found
[worker:backend-worker-v2] no compatible queued task found
[worker:backend-worker-v2] no compatible queued task found
[worker:backend-worker-v2] no compatible queued task found
[worker:backend-worker-v2] no compatible queued task found
[worker:backend-worker-v2] no compatible queued task found
[worker:backend-worker-v2] no compatible queued task found
[worker:backend-worker-v2] no compatible queued task found
[worker:backend-worker-v2] no compatible queued task found
[worker:backend-worker-v2] no compatible queued task found
[worker:backend-worker-v2] no compatible queued task found
[worker:backend-worker-v2] no compatible queued task found
[worker:backend-worker-v2] no compatible queued task found
[worker:backend-worker-v2] no compatible queued task found
[worker:backend-worker-v2] no compatible queued task found
[worker:backend-worker-v2] no compatible queued task found
[worker:backend-worker-v2] no compatible queued task found
[worker:backend-worker-v2] no compatible queued task found
[worker:backend-worker-v2] no compatible queued task found
[worker:backend-worker-v2] no compatible queued task found
[worker:backend-worker-v2] no compatible queued task found
[worker:backend-worker-v2] no compatible queued task found
[worker:backend-worker-v2] no compatible queued task found
[worker:backend-worker-v2] no compatible queued task found
[worker:backend-worker-v2] no compatible queued task found
[worker:backend-worker-v2] no compatible queued task found
[worker:backend-worker-v2] no compatible queued task found
[worker:backend-worker-v2] no compatible queued task found
[worker:backend-worker-v2] no compatible queued task found
[worker:backend-worker-v2] no compatible queued task found
[worker:backend-worker-v2] no compatible queued task found
[worker:backend-worker-v2] no compatible queued task found
[worker:backend-worker-v2] no compatible queued task found
[worker:backend-worker-v2] no compatible queued task found
[worker:backend-worker-v2] no compatible queued task found
[worker:backend-worker-v2] no compatible queued task found
[worker:backend-worker-v2] no compatible queued task found
[worker:backend-worker-v2] no compatible queued task found
[worker:backend-worker-v2] no compatible queued task found
[worker:backend-worker-v2] no compatible queued task found
[worker:backend-worker-v2] no compatible queued task found
[worker:backend-worker-v2] no compatible queued task found
[worker:backend-worker-v2] no compatible queued task found
[worker:backend-worker-v2] no compatible queued task found
[worker:backend-worker-v2] no compatible queued task found
[worker:backend-worker-v2] no compatible queued task found
[worker:backend-worker-v2] no compatible queued task found
[worker:backend-worker-v2] no compatible queued task found
[worker:backend-worker-v2] no compatible queued task found
[worker:backend-worker-v2] no compatible queued task found
[worker:backend-worker-v2] no compatible queued task found
[worker:backend-worker-v2] no compatible queued task found
[worker:backend-worker-v2] no compatible queued task found
[worker:backend-worker-v2] no compatible queued task found
[worker:backend-worker-v2] no compatible queued task found
[worker:backend-worker-v2] no compatible queued task found
[worker:backend-worker-v2] no compatible queued task found
[worker:backend-worker-v2] no compatible queued task found
[worker:backend-worker-v2] no compatible queued task found
[worker:backend-worker-v2] no compatible queued task found
[worker:backend-worker-v2] no compatible queued task found
[worker:backend-worker-v2] no compatible queued task found
[worker:backend-worker-v2] no compatible queued task found
[worker:backend-worker-v2] no compatible queued task found
[worker:backend-worker-v2] no compatible queued task found
[worker:backend-worker-v2] no compatible queued task found
[worker:backend-worker-v2] no compatible queued task found
[worker:backend-worker-v2] no compatible queued task found
[worker:backend-worker-v2] no compatible queued task found
[worker:backend-worker-v2] no compatible queued task found
[worker:backend-worker-v2] no compatible queued task found
[worker:backend-worker-v2] no compatible queued task found
[worker:backend-worker-v2] no compatible queued task found
[worker:backend-worker-v2] no compatible queued task found
[worker:backend-worker-v2] no compatible queued task found
[worker:backend-worker-v2] no compatible queued task found
[worker:backend-worker-v2] no compatible queued task found
[worker:backend-worker-v2] no compatible queued task found
[worker:backend-worker-v2] no compatible queued task found
[worker:backend-worker-v2] no compatible queued task found
[worker:backend-worker-v2] no compatible queued task found
[worker:backend-worker-v2] no compatible queued task found
[worker:backend-worker-v2] no compatible queued task found
[worker:backend-worker-v2] no compatible queued task found
[worker:backend-worker-v2] no compatible queued task found
[worker:backend-worker-v2] no compatible queued task found
[worker:backend-worker-v2] no compatible queued task found
[worker:backend-worker-v2] no compatible queued task found
[worker:backend-worker-v2] no compatible queued task found
[worker:backend-worker-v2] no compatible queued task found
[worker:backend-worker-v2] no compatible queued task found
[worker:backend-worker-v2] no compatible queued task found
[worker:backend-worker-v2] no compatible queued task found
[worker:backend-worker-v2] no compatible queued task found
[worker:backend-worker-v2] no compatible queued task found
[worker:backend-worker-v2] no compatible queued task found
[worker:backend-worker-v2] no compatible queued task found
[worker:backend-worker-v2] no compatible queued task found
[worker:backend-worker-v2] no compatible queued task found
[worker:backend-worker-v2] no compatible queued task found
[worker:backend-worker-v2] no compatible queued task found
[worker:backend-worker-v2] no compatible queued task found
[worker:backend-worker-v2] no compatible queued task found
[worker:backend-worker-v2] no compatible queued task found
[worker:backend-worker-v2] no compatible queued task found
[worker:backend-worker-v2] no compatible queued task found
[worker:backend-worker-v2] no compatible queued task found
[worker:backend-worker-v2] no compatible queued task found
[worker:backend-worker-v2] no compatible queued task found
[worker:backend-worker-v2] no compatible queued task found
[worker:backend-worker-v2] no compatible queued task found
[worker:backend-worker-v2] no compatible queued task found
[worker:backend-worker-v2] no compatible queued task found
[worker:backend-worker-v2] no compatible queued task found
[worker:backend-worker-v2] no compatible queued task found
[worker:backend-worker-v2] no compatible queued task found
[worker:backend-worker-v2] no compatible queued task found
[worker:backend-worker-v2] no compatible queued task found
[worker:backend-worker-v2] no compatible queued task found
[worker:backend-worker-v2] no compatible queued task found
[worker:backend-worker-v2] no compatible queued task found
[worker:backend-worker-v2] no compatible queued task found
[worker:backend-worker-v2] no compatible queued task found
[worker:backend-worker-v2] no compatible queued task found
[worker:backend-worker-v2] no compatible queued task found
[worker:backend-worker-v2] no compatible queued task found
[worker:backend-worker-v2] no compatible queued task found
[worker:backend-worker-v2] no compatible queued task found
[worker:backend-worker-v2] no compatible queued task found
[worker:backend-worker-v2] no compatible queued task found
[worker:backend-worker-v2] no compatible queued task found
[worker:backend-worker-v2] no compatible queued task found
[worker:backend-worker-v2] no compatible queued task found
[worker:backend-worker-v2] no compatible queued task found
[worker:backend-worker-v2] no compatible queued task found
[worker:backend-worker-v2] no compatible queued task found
[worker:backend-worker-v2] no compatible queued task found
[worker:backend-worker-v2] no compatible queued task found
[worker:backend-worker-v2] no compatible queued task found
[worker:backend-worker-v2] no compatible queued task found
[worker:backend-worker-v2] no compatible queued task found
[worker:backend-worker-v2] no compatible queued task found
[worker:backend-worker-v2] no compatible queued task found
[worker:backend-worker-v2] no compatible queued task found
[worker:backend-worker-v2] no compatible queued task found
[worker:backend-worker-v2] no compatible queued task found
[worker:backend-worker-v2] no compatible queued task found
[worker:backend-worker-v2] no compatible queued task found
[worker:backend-worker-v2] no compatible queued task found
[worker:backend-worker-v2] no compatible queued task found
[worker:backend-worker-v2] no compatible queued task found
[worker:backend-worker-v2] no compatible queued task found
[worker:backend-worker-v2] no compatible queued task found
[worker:backend-worker-v2] no compatible queued task found
[worker:backend-worker-v2] no compatible queued task found
[worker:backend-worker-v2] no compatible queued task found
[worker:backend-worker-v2] no compatible queued task found
[worker:backend-worker-v2] no compatible queued task found
[worker:backend-worker-v2] no compatible queued task found
[worker:backend-worker-v2] no compatible queued task found
[worker:backend-worker-v2] no compatible queued task found
[worker:backend-worker-v2] no compatible queued task found
[worker:backend-worker-v2] no compatible queued task found
[worker:backend-worker-v2] no compatible queued task found
[worker:backend-worker-v2] no compatible queued task found
[worker:backend-worker-v2] no compatible queued task found
[worker:backend-worker-v2] no compatible queued task found
[worker:backend-worker-v2] no compatible queued task found
[worker:backend-worker-v2] no compatible queued task found
[worker:backend-worker-v2] no compatible queued task found
[worker:backend-worker-v2] no compatible queued task found
[worker:backend-worker-v2] no compatible queued task found
[worker:backend-worker-v2] no compatible queued task found
[worker:backend-worker-v2] no compatible queued task found
[worker:backend-worker-v2] no compatible queued task found
[worker:backend-worker-v2] no compatible queued task found
[worker:backend-worker-v2] no compatible queued task found
[worker:backend-worker-v2] no compatible queued task found
[worker:backend-worker-v2] no compatible queued task found
[worker:backend-worker-v2] no compatible queued task found
[worker:backend-worker-v2] no compatible queued task found
[worker:backend-worker-v2] no compatible queued task found
[worker:backend-worker-v2] no compatible queued task found
[worker:backend-worker-v2] no compatible queued task found
[worker:backend-worker-v2] no compatible queued task found
[worker:backend-worker-v2] no compatible queued task found
[worker:backend-worker-v2] no compatible queued task found
[worker:backend-worker-v2] no compatible queued task found
[worker:backend-worker-v2] no compatible queued task found
[worker:backend-worker-v2] no compatible queued task found
[worker:backend-worker-v2] no compatible queued task found
[worker:backend-worker-v2] no compatible queued task found
[worker:backend-worker-v2] no compatible queued task found
[worker:backend-worker-v2] no compatible queued task found
[worker:backend-worker-v2] no compatible queued task found
[worker:backend-worker-v2] no compatible queued task found
[worker:backend-worker-v2] no compatible queued task found
[worker:backend-worker-v2] no compatible queued task found
[worker:backend-worker-v2] no compatible queued task found
[worker:backend-worker-v2] no compatible queued task found
[worker:backend-worker-v2] no compatible queued task found
[worker:backend-worker-v2] no compatible queued task found
[worker:backend-worker-v2] no compatible queued task found
[worker:backend-worker-v2] no compatible queued task found
[worker:backend-worker-v2] no compatible queued task found
[worker:backend-worker-v2] no compatible queued task found
[worker:backend-worker-v2] no compatible queued task found
[worker:backend-worker-v2] no compatible queued task found
[worker:backend-worker-v2] no compatible queued task found
[worker:backend-worker-v2] no compatible queued task found
[worker:backend-worker-v2] no compatible queued task found
[worker:backend-worker-v2] no compatible queued task found
[worker:backend-worker-v2] no compatible queued task found
[worker:backend-worker-v2] no compatible queued task found
[worker:backend-worker-v2] no compatible queued task found
[worker:backend-worker-v2] no compatible queued task found
[worker:backend-worker-v2] no compatible queued task found
[worker:backend-worker-v2] no compatible queued task found
[worker:backend-worker-v2] no compatible queued task found
[worker:backend-worker-v2] no compatible queued task found
[worker:backend-worker-v2] no compatible queued task found
[worker:backend-worker-v2] no compatible queued task found
[worker:backend-worker-v2] no compatible queued task found
[worker:backend-worker-v2] no compatible queued task found
[worker:backend-worker-v2] no compatible queued task found
[worker:backend-worker-v2] no compatible queued task found
[worker:backend-worker-v2] no compatible queued task found
[worker:backend-worker-v2] no compatible queued task found
[worker:backend-worker-v2] no compatible queued task found
[worker:backend-worker-v2] no compatible queued task found
[worker:backend-worker-v2] no compatible queued task found
[worker:backend-worker-v2] no compatible queued task found
[worker:backend-worker-v2] no compatible queued task found
[worker:backend-worker-v2] no compatible queued task found
[worker:backend-worker-v2] no compatible queued task found
[worker:backend-worker-v2] no compatible queued task found
[worker:backend-worker-v2] no compatible queued task found
[worker:backend-worker-v2] no compatible queued task found
[worker:backend-worker-v2] no compatible queued task found
[worker:backend-worker-v2] no compatible queued task found
[worker:backend-worker-v2] no compatible queued task found
[worker:backend-worker-v2] no compatible queued task found
[worker:backend-worker-v2] no compatible queued task found
[worker:backend-worker-v2] no compatible queued task found
[worker:backend-worker-v2] no compatible queued task found
[worker:backend-worker-v2] no compatible queued task found
[worker:backend-worker-v2] no compatible queued task found
[worker:backend-worker-v2] no compatible queued task found
[worker:backend-worker-v2] no compatible queued task found
[worker:backend-worker-v2] no compatible queued task found
[worker:backend-worker-v2] no compatible queued task found
[worker:backend-worker-v2] no compatible queued task found
[worker:backend-worker-v2] no compatible queued task found
[worker:backend-worker-v2] no compatible queued task found
[worker:backend-worker-v2] no compatible queued task found
[worker:backend-worker-v2] no compatible queued task found
[worker:backend-worker-v2] no compatible queued task found
[worker:backend-worker-v2] no compatible queued task found
[worker:backend-worker-v2] no compatible queued task found
[worker:backend-worker-v2] no compatible queued task found
[worker:backend-worker-v2] no compatible queued task found
[worker:backend-worker-v2] no compatible queued task found
[worker:backend-worker-v2] no compatible queued task found
[worker:backend-worker-v2] no compatible queued task found
[worker:backend-worker-v2] no compatible queued task found
[worker:backend-worker-v2] no compatible queued task found
[worker:backend-worker-v2] no compatible queued task found
[worker:backend-worker-v2] no compatible queued task found
[worker:backend-worker-v2] no compatible queued task found
[worker:backend-worker-v2] no compatible queued task found
[worker:backend-worker-v2] no compatible queued task found
[worker:backend-worker-v2] no compatible queued task found
[worker:backend-worker-v2] no compatible queued task found
[worker:backend-worker-v2] no compatible queued task found
[worker:backend-worker-v2] no compatible queued task found
[worker:backend-worker-v2] no compatible queued task found
[worker:backend-worker-v2] no compatible queued task found
[worker:backend-worker-v2] no compatible queued task found
[worker:backend-worker-v2] no compatible queued task found
[worker:backend-worker-v2] no compatible queued task found
[worker:backend-worker-v2] no compatible queued task found
[worker:backend-worker-v2] no compatible queued task found
[worker:backend-worker-v2] no compatible queued task found
[worker:backend-worker-v2] no compatible queued task found
[worker:backend-worker-v2] no compatible queued task found
[worker:backend-worker-v2] no compatible queued task found
[worker:backend-worker-v2] no compatible queued task found
[worker:backend-worker-v2] no compatible queued task found
[worker:backend-worker-v2] no compatible queued task found
[worker:backend-worker-v2] no compatible queued task found
[worker:backend-worker-v2] no compatible queued task found
[worker:backend-worker-v2] no compatible queued task found
[worker:backend-worker-v2] no compatible queued task found
[worker:backend-worker-v2] no compatible queued task found
[worker:backend-worker-v2] no compatible queued task found
[worker:backend-worker-v2] no compatible queued task found
[worker:backend-worker-v2] no compatible queued task found
[worker:backend-worker-v2] no compatible queued task found
[worker:backend-worker-v2] no compatible queued task found
[worker:backend-worker-v2] no compatible queued task found
[worker:backend-worker-v2] no compatible queued task found
[worker:backend-worker-v2] no compatible queued task found
[worker:backend-worker-v2] no compatible queued task found
[worker:backend-worker-v2] no compatible queued task found
[worker:backend-worker-v2] no compatible queued task found
[worker:backend-worker-v2] no compatible queued task found
[worker:backend-worker-v2] no compatible queued task found
[worker:backend-worker-v2] no compatible queued task found
[worker:backend-worker-v2] no compatible queued task found
[worker:backend-worker-v2] no compatible queued task found
[worker:backend-worker-v2] no compatible queued task found
[worker:backend-worker-v2] no compatible queued task found
[worker:backend-worker-v2] no compatible queued task found
[worker:backend-worker-v2] no compatible queued task found
[worker:backend-worker-v2] no compatible queued task found
[worker:backend-worker-v2] no compatible queued task found
[worker:backend-worker-v2] no compatible queued task found
[worker:backend-worker-v2] no compatible queued task found
[worker:backend-worker-v2] no compatible queued task found
[worker:backend-worker-v2] no compatible queued task found
[worker:backend-worker-v2] no compatible queued task found
[worker:backend-worker-v2] no compatible queued task found
[worker:backend-worker-v2] no compatible queued task found
[worker:backend-worker-v2] no compatible queued task found
[worker:backend-worker-v2] no compatible queued task found
[worker:backend-worker-v2] no compatible queued task found
[worker:backend-worker-v2] no compatible queued task found
[worker:backend-worker-v2] no compatible queued task found
[worker:backend-worker-v2] no compatible queued task found
[worker:backend-worker-v2] no compatible queued task found
[worker:backend-worker-v2] no compatible queued task found
[worker:backend-worker-v2] no compatible queued task found
[worker:backend-worker-v2] no compatible queued task found
[worker:backend-worker-v2] no compatible queued task found
[worker:backend-worker-v2] no compatible queued task found
[worker:backend-worker-v2] no compatible queued task found
[worker:backend-worker-v2] no compatible queued task found
[worker:backend-worker-v2] no compatible queued task found
[worker:backend-worker-v2] no compatible queued task found
[worker:backend-worker-v2] no compatible queued task found
[worker:backend-worker-v2] no compatible queued task found
[worker:backend-worker-v2] no compatible queued task found
[worker:backend-worker-v2] no compatible queued task found
[worker:backend-worker-v2] no compatible queued task found
[worker:backend-worker-v2] no compatible queued task found
[worker:backend-worker-v2] no compatible queued task found
[worker:backend-worker-v2] no compatible queued task found
[worker:backend-worker-v2] no compatible queued task found
[worker:backend-worker-v2] no compatible queued task found
[worker:backend-worker-v2] no compatible queued task found
[worker:backend-worker-v2] no compatible queued task found
[worker:backend-worker-v2] no compatible queued task found
[worker:backend-worker-v2] no compatible queued task found
[worker:backend-worker-v2] no compatible queued task found
[worker:backend-worker-v2] no compatible queued task found
[worker:backend-worker-v2] no compatible queued task found
[worker:backend-worker-v2] no compatible queued task found
[worker:backend-worker-v2] no compatible queued task found
[worker:backend-worker-v2] no compatible queued task found
[worker:backend-worker-v2] no compatible queued task found
[worker:backend-worker-v2] no compatible queued task found
[worker:backend-worker-v2] no compatible queued task found
[worker:backend-worker-v2] no compatible queued task found
[worker:backend-worker-v2] no compatible queued task found
[worker:backend-worker-v2] no compatible queued task found
[worker:backend-worker-v2] no compatible queued task found
[worker:backend-worker-v2] no compatible queued task found
[worker:backend-worker-v2] no compatible queued task found
[worker:backend-worker-v2] no compatible queued task found
[worker:backend-worker-v2] no compatible queued task found
[worker:backend-worker-v2] no compatible queued task found
[worker:backend-worker-v2] no compatible queued task found
[worker:backend-worker-v2] no compatible queued task found
[worker:backend-worker-v2] no compatible queued task found
[worker:backend-worker-v2] no compatible queued task found
[worker:backend-worker-v2] no compatible queued task found
[worker:backend-worker-v2] no compatible queued task found
[worker:backend-worker-v2] no compatible queued task found
[worker:backend-worker-v2] no compatible queued task found
[worker:backend-worker-v2] no compatible queued task found
[worker:backend-worker-v2] no compatible queued task found
[worker:backend-worker-v2] no compatible queued task found
[worker:backend-worker-v2] no compatible queued task found
[worker:backend-worker-v2] no compatible queued task found
[worker:backend-worker-v2] no compatible queued task found
[worker:backend-worker-v2] no compatible queued task found
[worker:backend-worker-v2] no compatible queued task found
[worker:backend-worker-v2] no compatible queued task found
[worker:backend-worker-v2] no compatible queued task found
[worker:backend-worker-v2] no compatible queued task found
[worker:backend-worker-v2] no compatible queued task found
[worker:backend-worker-v2] no compatible queued task found
[worker:backend-worker-v2] no compatible queued task found
[worker:backend-worker-v2] no compatible queued task found
[worker:backend-worker-v2] no compatible queued task found
[worker:backend-worker-v2] no compatible queued task found
[worker:backend-worker-v2] no compatible queued task found
[worker:backend-worker-v2] no compatible queued task found
[worker:backend-worker-v2] no compatible queued task found
[worker:backend-worker-v2] no compatible queued task found
[worker:backend-worker-v2] no compatible queued task found
[worker:backend-worker-v2] no compatible queued task found
[worker:backend-worker-v2] no compatible queued task found
[worker:backend-worker-v2] no compatible queued task found
[worker:backend-worker-v2] no compatible queued task found
[worker:backend-worker-v2] no compatible queued task found
[worker:backend-worker-v2] no compatible queued task found
[worker:backend-worker-v2] no compatible queued task found
[worker:backend-worker-v2] no compatible queued task found
[worker:backend-worker-v2] no compatible queued task found
[worker:backend-worker-v2] no compatible queued task found
[worker:backend-worker-v2] no compatible queued task found
[worker:backend-worker-v2] no compatible queued task found
[worker:backend-worker-v2] no compatible queued task found
[worker:backend-worker-v2] no compatible queued task found
[worker:backend-worker-v2] no compatible queued task found
[worker:backend-worker-v2] no compatible queued task found
[worker:backend-worker-v2] no compatible queued task found
[worker:backend-worker-v2] no compatible queued task found
[worker:backend-worker-v2] no compatible queued task found
[worker:backend-worker-v2] no compatible queued task found
[worker:backend-worker-v2] no compatible queued task found
[worker:backend-worker-v2] no compatible queued task found
[worker:backend-worker-v2] no compatible queued task found
[worker:backend-worker-v2] no compatible queued task found
[worker:backend-worker-v2] no compatible queued task found
[worker:backend-worker-v2] no compatible queued task found
[worker:backend-worker-v2] no compatible queued task found
[worker:backend-worker-v2] no compatible queued task found
[worker:backend-worker-v2] no compatible queued task found
[worker:backend-worker-v2] no compatible queued task found
[worker:backend-worker-v2] no compatible queued task found
[worker:backend-worker-v2] no compatible queued task found
[worker:backend-worker-v2] no compatible queued task found
[worker:backend-worker-v2] no compatible queued task found
[worker:backend-worker-v2] no compatible queued task found
[worker:backend-worker-v2] no compatible queued task found
[worker:backend-worker-v2] no compatible queued task found
[worker:backend-worker-v2] no compatible queued task found
[worker:backend-worker-v2] no compatible queued task found
[worker:backend-worker-v2] no compatible queued task found
[worker:backend-worker-v2] no compatible queued task found
[worker:backend-worker-v2] no compatible queued task found
[worker:backend-worker-v2] no compatible queued task found
[worker:backend-worker-v2] no compatible queued task found
[worker:backend-worker-v2] no compatible queued task found
[worker:backend-worker-v2] no compatible queued task found
[worker:backend-worker-v2] no compatible queued task found
[worker:backend-worker-v2] no compatible queued task found
[worker:backend-worker-v2] no compatible queued task found
[worker:backend-worker-v2] no compatible queued task found
[worker:backend-worker-v2] no compatible queued task found
[worker:backend-worker-v2] no compatible queued task found
[worker:backend-worker-v2] no compatible queued task found
[worker:backend-worker-v2] no compatible queued task found
[worker:backend-worker-v2] no compatible queued task found
[worker:backend-worker-v2] no compatible queued task found
[worker:backend-worker-v2] no compatible queued task found
[worker:backend-worker-v2] no compatible queued task found
[worker:backend-worker-v2] no compatible queued task found
[worker:backend-worker-v2] no compatible queued task found
[worker:backend-worker-v2] no compatible queued task found
[worker:backend-worker-v2] no compatible queued task found
[worker:backend-worker-v2] no compatible queued task found
[worker:backend-worker-v2] no compatible queued task found
[worker:backend-worker-v2] no compatible queued task found
[worker:backend-worker-v2] no compatible queued task found
[worker:backend-worker-v2] no compatible queued task found
[worker:backend-worker-v2] no compatible queued task found
[worker:backend-worker-v2] no compatible queued task found
[worker:backend-worker-v2] no compatible queued task found
[worker:backend-worker-v2] no compatible queued task found
[worker:backend-worker-v2] no compatible queued task found
[worker:backend-worker-v2] no compatible queued task found
[worker:backend-worker-v2] no compatible queued task found
[worker:backend-worker-v2] no compatible queued task found
[worker:backend-worker-v2] no compatible queued task found
[worker:backend-worker-v2] no compatible queued task found
[worker:backend-worker-v2] no compatible queued task found
[worker:backend-worker-v2] no compatible queued task found
[worker:backend-worker-v2] no compatible queued task found
[worker:backend-worker-v2] no compatible queued task found
[worker:backend-worker-v2] no compatible queued task found
[worker:backend-worker-v2] no compatible queued task found
[worker:backend-worker-v2] no compatible queued task found
[worker:backend-worker-v2] no compatible queued task found
[worker:backend-worker-v2] no compatible queued task found
[worker:backend-worker-v2] no compatible queued task found
[worker:backend-worker-v2] no compatible queued task found
[worker:backend-worker-v2] no compatible queued task found
[worker:backend-worker-v2] no compatible queued task found
[worker:backend-worker-v2] no compatible queued task found
[worker:backend-worker-v2] no compatible queued task found
[worker:backend-worker-v2] no compatible queued task found
[worker:backend-worker-v2] no compatible queued task found
[worker:backend-worker-v2] no compatible queued task found
[worker:backend-worker-v2] no compatible queued task found
[worker:backend-worker-v2] no compatible queued task found
[worker:backend-worker-v2] no compatible queued task found
[worker:backend-worker-v2] no compatible queued task found
[worker:backend-worker-v2] no compatible queued task found
[worker:backend-worker-v2] no compatible queued task found
[worker:backend-worker-v2] no compatible queued task found
[worker:backend-worker-v2] no compatible queued task found
[worker:backend-worker-v2] no compatible queued task found
[worker:backend-worker-v2] no compatible queued task found
[worker:backend-worker-v2] no compatible queued task found
[worker:backend-worker-v2] no compatible queued task found
[worker:backend-worker-v2] no compatible queued task found
[worker:backend-worker-v2] no compatible queued task found
[worker:backend-worker-v2] no compatible queued task found
[worker:backend-worker-v2] no compatible queued task found
[worker:backend-worker-v2] no compatible queued task found
[worker:backend-worker-v2] no compatible queued task found
[worker:backend-worker-v2] no compatible queued task found
[worker:backend-worker-v2] no compatible queued task found
[worker:backend-worker-v2] no compatible queued task found
[worker:backend-worker-v2] no compatible queued task found
[worker:backend-worker-v2] no compatible queued task found
[worker:backend-worker-v2] no compatible queued task found
[worker:backend-worker-v2] no compatible queued task found
[worker:backend-worker-v2] no compatible queued task found
[worker:backend-worker-v2] no compatible queued task found
[worker:backend-worker-v2] no compatible queued task found
[worker:backend-worker-v2] no compatible queued task found
[worker:backend-worker-v2] no compatible queued task found
[worker:backend-worker-v2] no compatible queued task found
[worker:backend-worker-v2] no compatible queued task found
[worker:backend-worker-v2] no compatible queued task found
[worker:backend-worker-v2] no compatible queued task found
[worker:backend-worker-v2] no compatible queued task found
[worker:backend-worker-v2] no compatible queued task found
[worker:backend-worker-v2] no compatible queued task found
[worker:backend-worker-v2] no compatible queued task found
[worker:backend-worker-v2] no compatible queued task found
[worker:backend-worker-v2] no compatible queued task found
[worker:backend-worker-v2] no compatible queued task found
[worker:backend-worker-v2] no compatible queued task found
[worker:backend-worker-v2] no compatible queued task found
[worker:backend-worker-v2] no compatible queued task found
[worker:backend-worker-v2] no compatible queued task found
[worker:backend-worker-v2] no compatible queued task found
[worker:backend-worker-v2] no compatible queued task found
[worker:backend-worker-v2] no compatible queued task found
[worker:backend-worker-v2] no compatible queued task found
[worker:backend-worker-v2] no compatible queued task found
[worker:backend-worker-v2] no compatible queued task found
[worker:backend-worker-v2] no compatible queued task found
[worker:backend-worker-v2] no compatible queued task found
[worker:backend-worker-v2] no compatible queued task found
[worker:backend-worker-v2] no compatible queued task found
[worker:backend-worker-v2] no compatible queued task found
[worker:backend-worker-v2] no compatible queued task found
[worker:backend-worker-v2] no compatible queued task found
[worker:backend-worker-v2] no compatible queued task found
[worker:backend-worker-v2] no compatible queued task found
[worker:backend-worker-v2] no compatible queued task found
[worker:backend-worker-v2] no compatible queued task found
[worker:backend-worker-v2] no compatible queued task found
[worker:backend-worker-v2] no compatible queued task found
[worker:backend-worker-v2] no compatible queued task found
[worker:backend-worker-v2] no compatible queued task found
[worker:backend-worker-v2] no compatible queued task found
[worker:backend-worker-v2] no compatible queued task found
[worker:backend-worker-v2] no compatible queued task found
[worker:backend-worker-v2] no compatible queued task found
[worker:backend-worker-v2] no compatible queued task found
[worker:backend-worker-v2] no compatible queued task found
[worker:backend-worker-v2] no compatible queued task found
[worker:backend-worker-v2] no compatible queued task found
[worker:backend-worker-v2] no compatible queued task found
[worker:backend-worker-v2] no compatible queued task found
[worker:backend-worker-v2] no compatible queued task found
[worker:backend-worker-v2] no compatible queued task found
[worker:backend-worker-v2] no compatible queued task found
[worker:backend-worker-v2] no compatible queued task found
[worker:backend-worker-v2] no compatible queued task found
[worker:backend-worker-v2] no compatible queued task found
[worker:backend-worker-v2] no compatible queued task found
[worker:backend-worker-v2] no compatible queued task found
[worker:backend-worker-v2] no compatible queued task found
[worker:backend-worker-v2] no compatible queued task found
[worker:backend-worker-v2] no compatible queued task found
[worker:backend-worker-v2] no compatible queued task found
[worker:backend-worker-v2] no compatible queued task found
[worker:backend-worker-v2] no compatible queued task found
[worker:backend-worker-v2] no compatible queued task found
[worker:backend-worker-v2] no compatible queued task found
[worker:backend-worker-v2] no compatible queued task found
[worker:backend-worker-v2] no compatible queued task found
[worker:backend-worker-v2] no compatible queued task found
[worker:backend-worker-v2] no compatible queued task found
[worker:backend-worker-v2] no compatible queued task found
[worker:backend-worker-v2] no compatible queued task found
[worker:backend-worker-v2] no compatible queued task found
[worker:backend-worker-v2] no compatible queued task found
[worker:backend-worker-v2] no compatible queued task found
[worker:backend-worker-v2] no compatible queued task found
[worker:backend-worker-v2] no compatible queued task found
[worker:backend-worker-v2] no compatible queued task found
[worker:backend-worker-v2] no compatible queued task found
[worker:backend-worker-v2] no compatible queued task found
[worker:backend-worker-v2] no compatible queued task found
[worker:backend-worker-v2] no compatible queued task found
[worker:backend-worker-v2] no compatible queued task found
[worker:backend-worker-v2] no compatible queued task found
[worker:backend-worker-v2] no compatible queued task found
[worker:backend-worker-v2] no compatible queued task found
[worker:backend-worker-v2] no compatible queued task found
[worker:backend-worker-v2] no compatible queued task found
[worker:backend-worker-v2] no compatible queued task found
[worker:backend-worker-v2] no compatible queued task found
[worker:backend-worker-v2] no compatible queued task found
[worker:backend-worker-v2] no compatible queued task found
[worker:backend-worker-v2] no compatible queued task found
[worker:backend-worker-v2] no compatible queued task found
[worker:backend-worker-v2] no compatible queued task found
[worker:backend-worker-v2] no compatible queued task found
[worker:backend-worker-v2] no compatible queued task found
[worker:backend-worker-v2] no compatible queued task found
[worker:backend-worker-v2] no compatible queued task found
[worker:backend-worker-v2] no compatible queued task found
[worker:backend-worker-v2] no compatible queued task found
[worker:backend-worker-v2] no compatible queued task found
[worker:backend-worker-v2] no compatible queued task found
[worker:backend-worker-v2] no compatible queued task found
[worker:backend-worker-v2] no compatible queued task found
[worker:backend-worker-v2] no compatible queued task found
[worker:backend-worker-v2] no compatible queued task found
[worker:backend-worker-v2] no compatible queued task found
[worker:backend-worker-v2] no compatible queued task found
[worker:backend-worker-v2] no compatible queued task found
[worker:backend-worker-v2] no compatible queued task found
[worker:backend-worker-v2] no compatible queued task found
[worker:backend-worker-v2] no compatible queued task found
[worker:backend-worker-v2] no compatible queued task found
[worker:backend-worker-v2] no compatible queued task found
[worker:backend-worker-v2] no compatible queued task found
[worker:backend-worker-v2] no compatible queued task found
[worker:backend-worker-v2] no compatible queued task found
[worker:backend-worker-v2] no compatible queued task found
[worker:backend-worker-v2] no compatible queued task found
[worker:backend-worker-v2] no compatible queued task found
[worker:backend-worker-v2] no compatible queued task found
[worker:backend-worker-v2] no compatible queued task found
[worker:backend-worker-v2] no compatible queued task found
[worker:backend-worker-v2] no compatible queued task found
[worker:backend-worker-v2] no compatible queued task found
[worker:backend-worker-v2] no compatible queued task found
[worker:backend-worker-v2] no compatible queued task found
[worker:backend-worker-v2] no compatible queued task found
[worker:backend-worker-v2] no compatible queued task found
[worker:backend-worker-v2] no compatible queued task found
[worker:backend-worker-v2] no compatible queued task found
[worker:backend-worker-v2] no compatible queued task found
[worker:backend-worker-v2] no compatible queued task found
[worker:backend-worker-v2] no compatible queued task found
[worker:backend-worker-v2] no compatible queued task found
[worker:backend-worker-v2] no compatible queued task found
[worker:backend-worker-v2] no compatible queued task found
[worker:backend-worker-v2] no compatible queued task found
[worker:backend-worker-v2] no compatible queued task found
[worker:backend-worker-v2] no compatible queued task found
[worker:backend-worker-v2] no compatible queued task found
[worker:backend-worker-v2] no compatible queued task found
[worker:backend-worker-v2] no compatible queued task found
[worker:backend-worker-v2] no compatible queued task found
[worker:backend-worker-v2] no compatible queued task found
[worker:backend-worker-v2] no compatible queued task found
[worker:backend-worker-v2] no compatible queued task found
[worker:backend-worker-v2] no compatible queued task found
[worker:backend-worker-v2] no compatible queued task found
[worker:backend-worker-v2] no compatible queued task found
[worker:backend-worker-v2] no compatible queued task found
[worker:backend-worker-v2] no compatible queued task found
[worker:backend-worker-v2] no compatible queued task found
[worker:backend-worker-v2] no compatible queued task found
[worker:backend-worker-v2] no compatible queued task found
[worker:backend-worker-v2] no compatible queued task found
[worker:backend-worker-v2] no compatible queued task found
[worker:backend-worker-v2] no compatible queued task found
[worker:backend-worker-v2] no compatible queued task found
[worker:backend-worker-v2] no compatible queued task found
[worker:backend-worker-v2] no compatible queued task found
[worker:backend-worker-v2] no compatible queued task found
[worker:backend-worker-v2] no compatible queued task found
[worker:backend-worker-v2] no compatible queued task found
[worker:backend-worker-v2] no compatible queued task found
[worker:backend-worker-v2] no compatible queued task found
[worker:backend-worker-v2] no compatible queued task found
[worker:backend-worker-v2] no compatible queued task found
[worker:backend-worker-v2] no compatible queued task found
[worker:backend-worker-v2] no compatible queued task found
[worker:backend-worker-v2] no compatible queued task found
Traceback (most recent call last):
  File "/home/behzad/Schreibtisch/ai-dev-system/orchestrator_control_plane_v1/worker_loop_final.py", line 384, in <module>
    main()
  File "/home/behzad/Schreibtisch/ai-dev-system/orchestrator_control_plane_v1/worker_loop_final.py", line 361, in main
    sweep_unroutable_queued_tasks(worker_id)
  File "/home/behzad/Schreibtisch/ai-dev-system/orchestrator_control_plane_v1/worker_loop_final.py", line 139, in sweep_unroutable_queued_tasks
    queued_tasks = get_queued_tasks(limit=200)
                   ^^^^^^^^^^^^^^^^^^^^^^^^^^^
  File "/home/behzad/Schreibtisch/ai-dev-system/orchestrator_control_plane_v1/app/db.py", line 667, in get_queued_tasks
    return conn.execute(
           ^^^^^^^^^^^^^
sqlite3.OperationalError: no such table: task_queue
