nohup: Eingabe wird ignoriert
healthy backend-worker-v2 pid=47558
healthy frontend-worker-v1 pid=47562
healthy research-worker-v1 pid=47564
healthy backend-worker-v2 pid=47558
healthy frontend-worker-v1 pid=47562
healthy research-worker-v1 pid=47564
healthy backend-worker-v2 pid=47558
healthy frontend-worker-v1 pid=47562
healthy research-worker-v1 pid=47564
healthy backend-worker-v2 pid=47558
healthy frontend-worker-v1 pid=47562
healthy research-worker-v1 pid=47564
healthy backend-worker-v2 pid=47558
crashed frontend-worker-v1
started frontend-worker-v1 pid=47592
restarted frontend-worker-v1
healthy research-worker-v1 pid=47564
healthy backend-worker-v2 pid=47558
healthy frontend-worker-v1 pid=47592
healthy research-worker-v1 pid=47564
healthy backend-worker-v2 pid=47558
crashed frontend-worker-v1
started frontend-worker-v1 pid=47616
restarted frontend-worker-v1
healthy research-worker-v1 pid=47564
healthy backend-worker-v2 pid=47558
healthy frontend-worker-v1 pid=47616
healthy research-worker-v1 pid=47564
healthy backend-worker-v2 pid=47558
crashed frontend-worker-v1
started frontend-worker-v1 pid=47628
restarted frontend-worker-v1
healthy research-worker-v1 pid=47564
healthy backend-worker-v2 pid=47558
healthy frontend-worker-v1 pid=47628
healthy research-worker-v1 pid=47564
healthy backend-worker-v2 pid=47558
crashed frontend-worker-v1
crash-loop-blocked frontend-worker-v1 reason=restart limit exceeded: 3 restarts in 30s window
healthy research-worker-v1 pid=47564
healthy backend-worker-v2 pid=47558
crashed frontend-worker-v1
crash-loop-blocked frontend-worker-v1 reason=restart limit exceeded: 3 restarts in 30s window
healthy research-worker-v1 pid=47564
healthy backend-worker-v2 pid=47558
crashed frontend-worker-v1
crash-loop-blocked frontend-worker-v1 reason=restart limit exceeded: 3 restarts in 30s window
healthy research-worker-v1 pid=47564
healthy backend-worker-v2 pid=47558
crashed frontend-worker-v1
crash-loop-blocked frontend-worker-v1 reason=restart limit exceeded: 3 restarts in 30s window
healthy research-worker-v1 pid=47564
healthy backend-worker-v2 pid=47558
crashed frontend-worker-v1
crash-loop-blocked frontend-worker-v1 reason=restart limit exceeded: 3 restarts in 30s window
healthy research-worker-v1 pid=47564
healthy backend-worker-v2 pid=47558
crashed frontend-worker-v1
crash-loop-blocked frontend-worker-v1 reason=restart limit exceeded: 3 restarts in 30s window
healthy research-worker-v1 pid=47564
